
[Mon, 09 Oct 2017 08:09:04 +0000] -  Connection failed: Too many connections 
[Mon, 09 Oct 2017 08:21:24 +0000] -  Connection failed: Too many connections 
[Mon, 09 Oct 2017 08:22:18 +0000] -  Connection failed: Too many connections 
[Mon, 09 Oct 2017 08:26:22 +0000] -  Connection failed: Access denied for user 'user'@'%' to database 'newsletter' 
[Mon, 09 Oct 2017 08:26:57 +0000] -  Connection failed: Access denied for user 'user'@'%' to database 'newsletter' 
[Mon, 09 Oct 2017 08:27:13 +0000] -  Connection failed: Access denied for user 'user'@'%' to database 'newsletter' 
[Mon, 09 Oct 2017 08:27:29 +0000] -  Connection failed: Too many connections 
[Mon, 09 Oct 2017 08:30:29 +0000] -  Connection failed: Too many connections 
[Mon, 09 Oct 2017 08:37:22 +0000] -  Connection failed: Too many connections 
[Mon, 09 Oct 2017 08:38:53 +0000] -  Connection failed: Too many connections 
[Mon, 09 Oct 2017 08:40:42 +0000] -  Connection failed: Too many connections 
[Mon, 09 Oct 2017 08:42:30 +0000] -  Connection failed: Too many connections 
[Mon, 09 Oct 2017 08:42:49 +0000] -  Connection failed: Too many connections 
[Mon, 09 Oct 2017 08:49:04 +0000] -  Connection failed: Too many connections 
[Mon, 09 Oct 2017 08:50:42 +0000] -  Connection failed: Too many connections 
[Mon, 09 Oct 2017 08:51:35 +0000] -  Connection failed: Too many connections 
[Mon, 09 Oct 2017 08:51:45 +0000] -  Connection failed: Too many connections 
[Mon, 09 Oct 2017 08:53:16 +0000] -  Connection failed: Too many connections 
[Mon, 09 Oct 2017 08:57:13 +0000] -  Connection failed: Too many connections 
[Mon, 09 Oct 2017 09:00:40 +0000] -  Connection failed: Too many connections 
[Mon, 09 Oct 2017 09:01:21 +0000] -  Connection failed: Too many connections 
[Mon, 09 Oct 2017 10:25:04 +0000] -  Connection failed: Too many connections 
[Mon, 09 Oct 2017 10:27:52 +0000] -  Connection failed: Too many connections 
[Mon, 09 Oct 2017 11:57:28 +0000] -  Duplicate entry 'test2@test.com' for key 'PRIMARY' 
[Mon, 09 Oct 2017 14:21:31 +0000] -  Table 'scotchbox.newsletter_subscription' doesn't exist 
[Mon, 09 Oct 2017 14:23:51 +0000] -  Table 'scotchbox.newsletter_subscription' doesn't exist 
[Mon, 09 Oct 2017 14:24:19 +0000] -  Table 'scotchbox.newsletter_subscription' doesn't exist 
[Mon, 09 Oct 2017 14:28:21 +0000] -  Table 'scotchbox.newsletter_subscription' doesn't exist 
[Mon, 09 Oct 2017 14:30:41 +0000] -  Table 'scotchbox.newsletter_subscription' doesn't exist 
[Mon, 09 Oct 2017 14:34:06 +0000] -  Table 'scotchbox.newsletter_subscription' doesn't exist 
[Mon, 09 Oct 2017 14:40:18 +0000] -  Duplicate entry 'test@test.com' for key 'PRIMARY' 
[Mon, 09 Oct 2017 15:00:30 +0000] -  Duplicate entry 'test@test.com' for key 'PRIMARY' 
[Mon, 09 Oct 2017 15:06:27 +0000] -  Duplicate entry 'test@test.com' for key 'PRIMARY' 
[Mon, 09 Oct 2017 15:10:17 +0000] -  Duplicate entry 'test@test.com' for key 'PRIMARY' 
[Mon, 09 Oct 2017 15:11:19 +0000] -  Duplicate entry 'test@test.com' for key 'PRIMARY' 
[Mon, 09 Oct 2017 16:18:21 +0000] -  Duplicate entry 'test6@test.com' for key 'PRIMARY' 
[Mon, 09 Oct 2017 16:20:47 +0000] -  Duplicate entry 'test@test.com' for key 'PRIMARY' 
[Mon, 09 Oct 2017 16:23:49 +0000] -  Duplicate entry 'test6@test.com' for key 'PRIMARY' 
[Mon, 09 Oct 2017 16:31:54 +0000] -  Duplicate entry 'test@test.com' for key 'PRIMARY' 
[Mon, 09 Oct 2017 16:38:38 +0000] -  Duplicate entry 'test10@test.com' for key 'PRIMARY' 
[Mon, 09 Oct 2017 16:40:47 +0000] -  Duplicate entry 'test10@test.com' for key 'PRIMARY' 
[Mon, 09 Oct 2017 16:46:09 +0000] -  Duplicate entry 'test@test.com' for key 'PRIMARY' 
[Mon, 09 Oct 2017 17:10:17 +0000] -  Duplicate entry 'test44@test.com' for key 'PRIMARY' 
[Wed, 11 Oct 2017 16:28:35 +0000] -  Connection failed: php_network_getaddresses: getaddrinfo failed: No address associated with hostname 
[Thu, 12 Oct 2017 19:02:30 +0000] -  Table 'scotchbox.tokens' doesn't exist 
[Thu, 12 Oct 2017 19:02:47 +0000] -  Table 'scotchbox.tokens' doesn't exist 
[Thu, 12 Oct 2017 19:04:12 +0000] -   
[Thu, 12 Oct 2017 19:06:59 +0000] -   
[Thu, 12 Oct 2017 19:10:52 +0000] -   
[Thu, 12 Oct 2017 19:11:20 +0000] -   
[Thu, 12 Oct 2017 19:12:18 +0000] -   
[Thu, 12 Oct 2017 19:16:00 +0000] -   
[Thu, 12 Oct 2017 19:20:28 +0000] -   
[Thu, 12 Oct 2017 19:59:53 +0000] -  Duplicate entry 'test42@test.com' for key 'PRIMARY' 
[Thu, 12 Oct 2017 20:05:24 +0000] -   
[Thu, 12 Oct 2017 20:07:18 +0000] -   
[Sat, 21 Oct 2017 12:30:13 +0000] -  Connection failed: Connection refused 
[Sat, 21 Oct 2017 12:35:19 +0000] -  Connection failed: Connection refused 
[Sat, 21 Oct 2017 12:53:07 +0000] -  Connection failed: Connection refused 
[Sat, 21 Oct 2017 12:57:41 +0000] -  Connection failed: Connection refused 
[Sat, 21 Oct 2017 13:10:04 +0000] -  Connection failed: Connection refused 
[Sat, 21 Oct 2017 13:11:53 +0000] -  Connection failed: Connection refused 
