
[Tue, 26 Sep 2017 20:17:14 +0000] - logged entry : 1 
[Tue, 26 Sep 2017 20:17:14 +0000] - logged entry : 2 
[Tue, 26 Sep 2017 20:17:14 +0000] - logged entry : 3 
[Tue, 26 Sep 2017 20:17:14 +0000] - logged entry : 4 
[Tue, 26 Sep 2017 20:17:14 +0000] - logged entry : 5 
[Fri, 29 Sep 2017 11:01:54 +0000] - logged entry : 1 
[Fri, 29 Sep 2017 11:01:54 +0000] - logged entry : 2 
[Fri, 29 Sep 2017 11:01:54 +0000] - logged entry : 3 
[Fri, 29 Sep 2017 11:01:54 +0000] - logged entry : 4 
[Fri, 29 Sep 2017 11:01:54 +0000] - logged entry : 5 
[Sat, 30 Sep 2017 07:52:18 +0000] - logged entry : 6 
[Sat, 30 Sep 2017 07:52:18 +0000] - logged entry : 7 
[Sat, 30 Sep 2017 07:52:18 +0000] - logged entry : 8 
[Sat, 30 Sep 2017 07:52:18 +0000] - logged entry : 9 
[Sat, 30 Sep 2017 07:52:18 +0000] - logged entry : 10 
[Fri, 06 Oct 2017 17:47:07 +0000] - logged entry : 11 
[Fri, 06 Oct 2017 17:47:07 +0000] - logged entry : 12 
[Fri, 06 Oct 2017 17:47:07 +0000] - logged entry : 13 
[Fri, 06 Oct 2017 17:47:07 +0000] - logged entry : 14 
[Fri, 06 Oct 2017 17:47:07 +0000] - logged entry : 15 
[Fri, 06 Oct 2017 21:19:49 +0000] - logged entry : 16 
[Fri, 06 Oct 2017 21:19:49 +0000] - logged entry : 17 
[Fri, 06 Oct 2017 21:19:49 +0000] - logged entry : 18 
[Fri, 06 Oct 2017 21:19:49 +0000] - logged entry : 19 
[Fri, 06 Oct 2017 21:19:49 +0000] - logged entry : 20 
[Fri, 06 Oct 2017 21:19:49 +0000] - logged entry : 21 
[Fri, 06 Oct 2017 21:20:04 +0000] - logged entry : 22 
[Fri, 06 Oct 2017 21:20:04 +0000] - logged entry : 23 
[Fri, 06 Oct 2017 21:20:04 +0000] - logged entry : 24 
[Fri, 06 Oct 2017 21:20:04 +0000] - logged entry : 25 
[Fri, 06 Oct 2017 21:20:04 +0000] - logged entry : 26 
[Fri, 06 Oct 2017 21:20:41 +0000] - logged entry : 27 
[Fri, 06 Oct 2017 21:20:41 +0000] - logged entry : 28 
[Fri, 06 Oct 2017 21:20:41 +0000] - logged entry : 29 
[Fri, 06 Oct 2017 21:20:41 +0000] - logged entry : 30 
[Fri, 06 Oct 2017 21:20:41 +0000] - logged entry : 31 
[Sun, 08 Oct 2017 09:40:52 +0000] - logged entry : 32 
[Sun, 08 Oct 2017 09:40:52 +0000] - logged entry : 33 
[Sun, 08 Oct 2017 09:40:52 +0000] - logged entry : 34 
[Sun, 08 Oct 2017 09:40:52 +0000] - logged entry : 35 
[Sun, 08 Oct 2017 09:40:52 +0000] - logged entry : 36 
[Sun, 08 Oct 2017 19:37:26 +0000] - logged entry : 37 
[Sun, 08 Oct 2017 19:37:26 +0000] - logged entry : 38 
[Sun, 08 Oct 2017 19:37:26 +0000] - logged entry : 39 
[Sun, 08 Oct 2017 19:37:26 +0000] - logged entry : 40 
[Sun, 08 Oct 2017 19:37:26 +0000] - logged entry : 41 
